<?xml version="1.0" encoding="UTF-8"?>
<!-- Generated by org.testng.reporters.JUnitReportReporter -->
<testsuite hostname="SVS" failures="0" tests="4" name="com.gmoonline.Validating_Frames" time="12.532" errors="0" timestamp="2022-08-08T11:23:15 PDT" skipped="0">
  <testcase classname="com.gmoonline.Validating_Frames" name="validatepageloadinginframes" time="2.305"/>
  <system-out/>
  <testcase classname="com.gmoonline.Validating_Frames" name="validatesingleframes" time="6.600"/>
  <system-out/>
  <testcase classname="com.gmoonline.Validating_Frames" name="validatingdropdownframe" time="3.301"/>
  <system-out/>
  <testcase classname="com.gmoonline.Validating_Frames" name="validatingmultipleframes" time="0.326"/>
  <system-out/>
</testsuite> <!-- com.gmoonline.Validating_Frames -->
