<?xml version="1.0" encoding="UTF-8"?>
<!-- Generated by org.testng.reporters.JUnitReportReporter -->
<testsuite hostname="SVS" failures="0" tests="2" name="com.gmoonline.Gmoonline2POM" time="1.485" errors="0" timestamp="2022-08-07T18:28:58 PDT" skipped="0">
  <testcase classname="com.gmoonline.Gmoonline2POM" name="Validategmoonlinetitle" time="0.020"/>
  <system-out/>
  <testcase classname="com.gmoonline.Gmoonline2POM" name="ValidateEnterGmoOnline" time="1.465"/>
  <system-out/>
</testsuite> <!-- com.gmoonline.Gmoonline2POM -->
