<?xml version="1.0" encoding="UTF-8"?>
<!-- Generated by org.testng.reporters.JUnitReportReporter -->
<testsuite hostname="SVS" failures="0" tests="2" name="com.gmoonline.Validatingalerts" time="17.593" errors="0" timestamp="2022-08-07T18:12:04 PDT" skipped="0">
  <testcase classname="com.gmoonline.Validatingalerts" name="Alertvalidation" time="2.076"/>
  <system-out/>
  <testcase classname="com.gmoonline.Validatingalerts" name="validationtypesofalerts" time="15.517"/>
  <system-out/>
</testsuite> <!-- com.gmoonline.Validatingalerts -->
