<?xml version="1.0" encoding="UTF-8"?>
<!-- Generated by org.testng.reporters.JUnitReportReporter -->
<testsuite hostname="SVS" failures="0" tests="2" name="com.gmoonline.ValidatingalertsPOM" time="17.609" errors="0" timestamp="2022-08-07T18:48:11 PDT" skipped="0">
  <testcase classname="com.gmoonline.ValidatingalertsPOM" name="Alertvalidation" time="2.167"/>
  <system-out/>
  <testcase classname="com.gmoonline.ValidatingalertsPOM" name="validationtypesofalerts" time="15.442"/>
  <system-out/>
</testsuite> <!-- com.gmoonline.ValidatingalertsPOM -->
