<?xml version="1.0" encoding="UTF-8"?>
<!-- Generated by org.testng.reporters.JUnitReportReporter -->
<testsuite hostname="SVS" failures="0" tests="2" name="com.gmoonline.Gmoonline" time="1.417" errors="0" timestamp="2022-08-07T17:23:57 PDT" skipped="0">
  <testcase classname="com.gmoonline.Gmoonline" name="Validategmoonlinetitle" time="0.022"/>
  <system-out/>
  <testcase classname="com.gmoonline.Gmoonline" name="Validatinggmoonlinewebsite" time="1.395"/>
  <system-out/>
</testsuite> <!-- com.gmoonline.Gmoonline -->
